<?xml version="1.0" encoding="UTF-8"?>
<testsuite name="com.example.medisyncpro.MediSyncProApplicationTests" tests="1" skipped="0" failures="0" errors="0" timestamp="2024-02-16T19:21:23" hostname="DESKTOP-GIFN7BT" time="0.506">
  <properties/>
  <testcase name="contextLoads()" classname="com.example.medisyncpro.MediSyncProApplicationTests" time="0.506"/>
  <system-out><![CDATA[20:21:10.727 [Test worker] INFO org.springframework.test.context.support.AnnotationConfigContextLoaderUtils -- Could not detect default configuration classes for test class [com.example.medisyncpro.MediSyncProApplicationTests]: MediSyncProApplicationTests does not declare any static, non-private, non-final, nested classes annotated with @Configuration.
20:21:10.834 [Test worker] INFO org.springframework.boot.test.context.SpringBootTestContextBootstrapper -- Found @SpringBootConfiguration com.example.medisyncpro.MediSyncProApplication for test class com.example.medisyncpro.MediSyncProApplicationTests

  .   ____          _            __ _ _
 /\\ / ___'_ __ _ _(_)_ __  __ _ \ \ \ \
( ( )\___ | '_ | '_| | '_ \/ _` | \ \ \ \
 \\/  ___)| |_)| | | | | || (_| |  ) ) ) )
  '  |____| .__|_| |_|_| |_\__, | / / / /
 =========|_|==============|___/=/_/_/_/
 :: Spring Boot ::                (v3.2.1)

2024-02-16T20:21:11.190+01:00  INFO 19644 --- [    Test worker] c.e.m.MediSyncProApplicationTests        : Starting MediSyncProApplicationTests using Java 21.0.2 with PID 19644 (started by Drilon in C:\Users\Drilon\IdeaProjects\backend)
2024-02-16T20:21:11.191+01:00  INFO 19644 --- [    Test worker] c.e.m.MediSyncProApplicationTests        : The following 1 profile is active: "prod"
2024-02-16T20:21:11.874+01:00  INFO 19644 --- [    Test worker] .s.d.r.c.RepositoryConfigurationDelegate : Bootstrapping Spring Data JPA repositories in DEFAULT mode.
2024-02-16T20:21:11.969+01:00  INFO 19644 --- [    Test worker] .s.d.r.c.RepositoryConfigurationDelegate : Finished Spring Data repository scanning in 89 ms. Found 12 JPA repository interfaces.
2024-02-16T20:21:12.523+01:00  INFO 19644 --- [    Test worker] o.hibernate.jpa.internal.util.LogHelper  : HHH000204: Processing PersistenceUnitInfo [name: default]
2024-02-16T20:21:12.588+01:00  INFO 19644 --- [    Test worker] org.hibernate.Version                    : HHH000412: Hibernate ORM core version 6.4.1.Final
2024-02-16T20:21:12.624+01:00  INFO 19644 --- [    Test worker] o.h.c.internal.RegionFactoryInitiator    : HHH000026: Second-level cache disabled
2024-02-16T20:21:12.855+01:00  INFO 19644 --- [    Test worker] o.s.o.j.p.SpringPersistenceUnitInfo      : No LoadTimeWeaver setup: ignoring JPA class transformer
2024-02-16T20:21:12.882+01:00  INFO 19644 --- [    Test worker] com.zaxxer.hikari.HikariDataSource       : HikariPool-1 - Starting...
2024-02-16T20:21:14.906+01:00  INFO 19644 --- [    Test worker] com.zaxxer.hikari.pool.HikariPool        : HikariPool-1 - Added connection org.postgresql.jdbc.PgConnection@5f2b9da8
2024-02-16T20:21:14.907+01:00  INFO 19644 --- [    Test worker] com.zaxxer.hikari.HikariDataSource       : HikariPool-1 - Start completed.
2024-02-16T20:21:15.091+01:00  WARN 19644 --- [    Test worker] org.hibernate.orm.deprecation            : HHH90000025: PostgreSQLDialect does not need to be specified explicitly using 'hibernate.dialect' (remove the property setting and it will be selected by default)
2024-02-16T20:21:15.521+01:00  WARN 19644 --- [    Test worker] o.h.boot.model.internal.EntityBinder     : HHH000136: Inapropriate use of @OnDelete on entity, annotation ignored: com.example.medisyncpro.model.Clinic
2024-02-16T20:21:15.557+01:00  WARN 19644 --- [    Test worker] o.h.boot.model.internal.EntityBinder     : HHH000136: Inapropriate use of @OnDelete on entity, annotation ignored: com.example.medisyncpro.model.User
2024-02-16T20:21:16.299+01:00  INFO 19644 --- [    Test worker] o.h.e.t.j.p.i.JtaPlatformInitiator       : HHH000489: No JTA platform available (set 'hibernate.transaction.jta.platform' to enable JTA platform integration)
2024-02-16T20:21:22.167+01:00  INFO 19644 --- [    Test worker] j.LocalContainerEntityManagerFactoryBean : Initialized JPA EntityManagerFactory for persistence unit 'default'
2024-02-16T20:21:23.009+01:00  WARN 19644 --- [    Test worker] JpaBaseConfiguration$JpaWebConfiguration : spring.jpa.open-in-view is enabled by default. Therefore, database queries may be performed during view rendering. Explicitly configure spring.jpa.open-in-view to disable this warning
2024-02-16T20:21:23.390+01:00  INFO 19644 --- [    Test worker] o.s.s.web.DefaultSecurityFilterChain     : Will secure any request with [org.springframework.security.web.session.DisableEncodeUrlFilter@56589f00, org.springframework.security.web.context.request.async.WebAsyncManagerIntegrationFilter@3ce4b0a8, org.springframework.security.web.context.SecurityContextHolderFilter@28d2afd8, org.springframework.security.web.header.HeaderWriterFilter@5817b0d1, org.springframework.web.filter.CorsFilter@738955e6, org.springframework.security.web.authentication.logout.LogoutFilter@125ace20, com.example.medisyncpro.config.JwtAuthenticationFilter@7680beac, org.springframework.security.web.authentication.www.BasicAuthenticationFilter@394a7390, org.springframework.security.web.savedrequest.RequestCacheAwareFilter@755057c7, org.springframework.security.web.servletapi.SecurityContextHolderAwareRequestFilter@4d62bb8b, org.springframework.security.web.authentication.AnonymousAuthenticationFilter@624baf71, org.springframework.security.web.session.SessionManagementFilter@61d7df22, org.springframework.security.web.access.ExceptionTranslationFilter@e0faed6, org.springframework.security.web.access.intercept.AuthorizationFilter@47baf547]
2024-02-16T20:21:23.687+01:00  INFO 19644 --- [    Test worker] c.e.m.MediSyncProApplicationTests        : Started MediSyncProApplicationTests in 12.699 seconds (process running for 13.715)
]]></system-out>
  <system-err><![CDATA[WARNING: A Java agent has been loaded dynamically (C:\Users\Drilon\.gradle\caches\modules-2\files-2.1\net.bytebuddy\byte-buddy-agent\1.14.10\90ed94ac044ea8953b224304c762316e91fd6b31\byte-buddy-agent-1.14.10.jar)
WARNING: If a serviceability tool is in use, please run with -XX:+EnableDynamicAgentLoading to hide this warning
WARNING: If a serviceability tool is not in use, please run with -Djdk.instrument.traceUsage for more information
WARNING: Dynamic loading of agents will be disallowed by default in a future release
]]></system-err>
</testsuite>
