<?xml version="1.0" encoding="UTF-8"?>
<testsuite name="com.example.medisyncpro.MediSyncProApplicationTests" tests="1" skipped="0" failures="0" errors="0" timestamp="2024-02-16T18:47:55" hostname="DESKTOP-GIFN7BT" time="0.43">
  <properties/>
  <testcase name="contextLoads()" classname="com.example.medisyncpro.MediSyncProApplicationTests" time="0.43"/>
  <system-out><![CDATA[19:47:42.474 [Test worker] INFO org.springframework.test.context.support.AnnotationConfigContextLoaderUtils -- Could not detect default configuration classes for test class [com.example.medisyncpro.MediSyncProApplicationTests]: MediSyncProApplicationTests does not declare any static, non-private, non-final, nested classes annotated with @Configuration.
19:47:42.569 [Test worker] INFO org.springframework.boot.test.context.SpringBootTestContextBootstrapper -- Found @SpringBootConfiguration com.example.medisyncpro.MediSyncProApplication for test class com.example.medisyncpro.MediSyncProApplicationTests

  .   ____          _            __ _ _
 /\\ / ___'_ __ _ _(_)_ __  __ _ \ \ \ \
( ( )\___ | '_ | '_| | '_ \/ _` | \ \ \ \
 \\/  ___)| |_)| | | | | || (_| |  ) ) ) )
  '  |____| .__|_| |_|_| |_\__, | / / / /
 =========|_|==============|___/=/_/_/_/
 :: Spring Boot ::                (v3.2.1)

2024-02-16T19:47:42.910+01:00  INFO 17032 --- [    Test worker] c.e.m.MediSyncProApplicationTests        : Starting MediSyncProApplicationTests using Java 21.0.2 with PID 17032 (started by Drilon in C:\Users\Drilon\IdeaProjects\backend)
2024-02-16T19:47:42.912+01:00  INFO 17032 --- [    Test worker] c.e.m.MediSyncProApplicationTests        : The following 1 profile is active: "prod"
2024-02-16T19:47:43.544+01:00  INFO 17032 --- [    Test worker] .s.d.r.c.RepositoryConfigurationDelegate : Bootstrapping Spring Data JPA repositories in DEFAULT mode.
2024-02-16T19:47:43.628+01:00  INFO 17032 --- [    Test worker] .s.d.r.c.RepositoryConfigurationDelegate : Finished Spring Data repository scanning in 78 ms. Found 12 JPA repository interfaces.
2024-02-16T19:47:44.152+01:00  INFO 17032 --- [    Test worker] o.hibernate.jpa.internal.util.LogHelper  : HHH000204: Processing PersistenceUnitInfo [name: default]
2024-02-16T19:47:44.225+01:00  INFO 17032 --- [    Test worker] org.hibernate.Version                    : HHH000412: Hibernate ORM core version 6.4.1.Final
2024-02-16T19:47:44.259+01:00  INFO 17032 --- [    Test worker] o.h.c.internal.RegionFactoryInitiator    : HHH000026: Second-level cache disabled
2024-02-16T19:47:44.486+01:00  INFO 17032 --- [    Test worker] o.s.o.j.p.SpringPersistenceUnitInfo      : No LoadTimeWeaver setup: ignoring JPA class transformer
2024-02-16T19:47:44.513+01:00  INFO 17032 --- [    Test worker] com.zaxxer.hikari.HikariDataSource       : HikariPool-1 - Starting...
2024-02-16T19:47:47.435+01:00  INFO 17032 --- [    Test worker] com.zaxxer.hikari.pool.HikariPool        : HikariPool-1 - Added connection org.postgresql.jdbc.PgConnection@6533629
2024-02-16T19:47:47.437+01:00  INFO 17032 --- [    Test worker] com.zaxxer.hikari.HikariDataSource       : HikariPool-1 - Start completed.
2024-02-16T19:47:47.628+01:00  WARN 17032 --- [    Test worker] org.hibernate.orm.deprecation            : HHH90000025: PostgreSQLDialect does not need to be specified explicitly using 'hibernate.dialect' (remove the property setting and it will be selected by default)
2024-02-16T19:47:48.007+01:00  WARN 17032 --- [    Test worker] o.h.boot.model.internal.EntityBinder     : HHH000136: Inapropriate use of @OnDelete on entity, annotation ignored: com.example.medisyncpro.model.Clinic
2024-02-16T19:47:48.043+01:00  WARN 17032 --- [    Test worker] o.h.boot.model.internal.EntityBinder     : HHH000136: Inapropriate use of @OnDelete on entity, annotation ignored: com.example.medisyncpro.model.User
2024-02-16T19:47:48.789+01:00  INFO 17032 --- [    Test worker] o.h.e.t.j.p.i.JtaPlatformInitiator       : HHH000489: No JTA platform available (set 'hibernate.transaction.jta.platform' to enable JTA platform integration)
2024-02-16T19:47:54.437+01:00  INFO 17032 --- [    Test worker] j.LocalContainerEntityManagerFactoryBean : Initialized JPA EntityManagerFactory for persistence unit 'default'
2024-02-16T19:47:55.255+01:00  WARN 17032 --- [    Test worker] JpaBaseConfiguration$JpaWebConfiguration : spring.jpa.open-in-view is enabled by default. Therefore, database queries may be performed during view rendering. Explicitly configure spring.jpa.open-in-view to disable this warning
2024-02-16T19:47:55.644+01:00  INFO 17032 --- [    Test worker] o.s.s.web.DefaultSecurityFilterChain     : Will secure any request with [org.springframework.security.web.session.DisableEncodeUrlFilter@690113f0, org.springframework.security.web.context.request.async.WebAsyncManagerIntegrationFilter@509e4d53, org.springframework.security.web.context.SecurityContextHolderFilter@1d642682, org.springframework.security.web.header.HeaderWriterFilter@704ca8a8, org.springframework.web.filter.CorsFilter@6f915016, org.springframework.security.web.authentication.logout.LogoutFilter@6527aa0, com.example.medisyncpro.config.JwtAuthenticationFilter@d60aa4, org.springframework.security.web.authentication.www.BasicAuthenticationFilter@738955e6, org.springframework.security.web.savedrequest.RequestCacheAwareFilter@321bf4b1, org.springframework.security.web.servletapi.SecurityContextHolderAwareRequestFilter@598f6c93, org.springframework.security.web.authentication.AnonymousAuthenticationFilter@533165e7, org.springframework.security.web.session.SessionManagementFilter@755057c7, org.springframework.security.web.access.ExceptionTranslationFilter@437a4e61, org.springframework.security.web.access.intercept.AuthorizationFilter@52d9a150]
2024-02-16T19:47:55.968+01:00  INFO 17032 --- [    Test worker] c.e.m.MediSyncProApplicationTests        : Started MediSyncProApplicationTests in 13.258 seconds (process running for 14.266)
]]></system-out>
  <system-err><![CDATA[WARNING: A Java agent has been loaded dynamically (C:\Users\Drilon\.gradle\caches\modules-2\files-2.1\net.bytebuddy\byte-buddy-agent\1.14.10\90ed94ac044ea8953b224304c762316e91fd6b31\byte-buddy-agent-1.14.10.jar)
WARNING: If a serviceability tool is in use, please run with -XX:+EnableDynamicAgentLoading to hide this warning
WARNING: If a serviceability tool is not in use, please run with -Djdk.instrument.traceUsage for more information
WARNING: Dynamic loading of agents will be disallowed by default in a future release
]]></system-err>
</testsuite>
